<?xml version="1.0" encoding="UTF-8"?>
<!-- Generated by org.testng.reporters.JUnitXMLReporter -->
<testsuite hostname="BOTL060" ignored="0" name="Default test" tests="3" failures="0" timestamp="06 Sep 2019 11:57:43 GMT" time="849.616" errors="0">
  <testcase name="feature" time="27.313" classname="com.veevacrm.runner.TestRunner"/>
  <testcase name="feature" time="35.972" classname="com.veevacrm.runner.TestRunner"/>
  <testcase name="feature" time="785.673" classname="com.veevacrm.runner.TestRunner"/>
</testsuite> <!-- Default test -->
