<?xml version="1.0" encoding="UTF-8"?>
<!-- Generated by org.testng.reporters.JUnitXMLReporter -->
<testsuite hostname="BOTL060" ignored="0" name="Test" tests="3" failures="0" timestamp="02 Aug 2019 11:44:02 GMT" time="148.553" errors="0">
  <testcase name="feature" time="31.901" classname="com.veevacrm.runner.TestRunner"/>
  <testcase name="feature" time="30.361" classname="com.veevacrm.runner.TestRunner"/>
  <testcase name="feature" time="85.852" classname="com.veevacrm.runner.TestRunner"/>
</testsuite> <!-- Test -->
