<?xml version="1.0" encoding="UTF-8"?>
<testng-results skipped="0" failed="0" ignored="0" total="3" passed="3">
  <reporter-output>
  </reporter-output>
  <suite name="Default suite" duration-ms="849616" started-at="2019-09-06T11:43:34Z" finished-at="2019-09-06T11:57:43Z">
    <groups>
      <group name="cucumber">
        <method signature="TestRunner.feature(cucumber.api.testng.CucumberFeatureWrapper)[pri:0, instance:com.veevacrm.runner.TestRunner@5f341870]" name="feature" class="com.veevacrm.runner.TestRunner"/>
      </group> <!-- cucumber -->
    </groups>
    <test name="Default test" duration-ms="849616" started-at="2019-09-06T11:43:34Z" finished-at="2019-09-06T11:57:43Z">
      <class name="com.veevacrm.runner.TestRunner">
        <test-method status="PASS" signature="setUpClass()[pri:0, instance:com.veevacrm.runner.TestRunner@5f341870]" name="setUpClass" is-config="true" duration-ms="272" started-at="2019-09-06T11:43:34Z" finished-at="2019-09-06T11:43:34Z">
          <reporter-output>
          </reporter-output>
        </test-method> <!-- setUpClass -->
        <test-method status="PASS" signature="feature(cucumber.api.testng.CucumberFeatureWrapper)[pri:0, instance:com.veevacrm.runner.TestRunner@5f341870]" name="feature" duration-ms="27313" started-at="2019-09-06T11:43:34Z" description="Runs Cucumber Feature" data-provider="features" finished-at="2019-09-06T11:44:01Z">
          <params>
            <param index="0">
              <value>
                <![CDATA[Veeva CRM Login Feature]]>
              </value>
            </param>
          </params>
          <reporter-output>
          </reporter-output>
        </test-method> <!-- feature -->
        <test-method status="PASS" signature="feature(cucumber.api.testng.CucumberFeatureWrapper)[pri:0, instance:com.veevacrm.runner.TestRunner@5f341870]" name="feature" duration-ms="35972" started-at="2019-09-06T11:44:01Z" description="Runs Cucumber Feature" data-provider="features" finished-at="2019-09-06T11:44:37Z">
          <params>
            <param index="0">
              <value>
                <![CDATA[Veeva CRM Home Page Feature]]>
              </value>
            </param>
          </params>
          <reporter-output>
          </reporter-output>
        </test-method> <!-- feature -->
        <test-method status="PASS" signature="feature(cucumber.api.testng.CucumberFeatureWrapper)[pri:0, instance:com.veevacrm.runner.TestRunner@5f341870]" name="feature" duration-ms="785673" started-at="2019-09-06T11:44:37Z" description="Runs Cucumber Feature" data-provider="features" finished-at="2019-09-06T11:57:43Z">
          <params>
            <param index="0">
              <value>
                <![CDATA[Veeva CRM Account Page Feature]]>
              </value>
            </param>
          </params>
          <reporter-output>
          </reporter-output>
        </test-method> <!-- feature -->
        <test-method status="PASS" signature="tearDownClass()[pri:0, instance:com.veevacrm.runner.TestRunner@5f341870]" name="tearDownClass" is-config="true" duration-ms="282" started-at="2019-09-06T11:57:43Z" finished-at="2019-09-06T11:57:43Z">
          <reporter-output>
          </reporter-output>
        </test-method> <!-- tearDownClass -->
      </class> <!-- com.veevacrm.runner.TestRunner -->
    </test> <!-- Default test -->
  </suite> <!-- Default suite -->
</testng-results>
